# Logfile created on Tue Aug 24 13:54:09 +0530 2010  [4;36;1mSQL (0.0ms)[0m   [0;1mSET SQL_AUTO_IS_NULL=0[0m


Processing UserSessionsController#new (for 127.0.0.1 at 2010-08-24 13:55:33) [GET]
  Parameters: {"action"=>"new", "controller"=>"user_sessions"}
  [4;35;1mUser Columns (37.0ms)[0m   [0mSHOW FIELDS FROM `users`[0m
Rendering template within layouts/application
Rendering user_sessions/new
  [4;36;1mSQL (0.0ms)[0m   [0;1mSELECT count(*) AS count_all FROM `users` WHERE (last_request_at > '2010-08-24 08:15:35') [0m
Completed in 1861ms (View: 152, DB: 56) | 200 OK [http://localhost/]
  [4;35;1mSQL (0.0ms)[0m   [0mSET SQL_AUTO_IS_NULL=0[0m


Processing UsersController#new (for 127.0.0.1 at 2010-08-24 13:56:07) [GET]
  Parameters: {"action"=>"new", "controller"=>"users"}
  [4;36;1mUser Columns (2.0ms)[0m   [0;1mSHOW FIELDS FROM `users`[0m
Rendering template within layouts/application
Rendering users/new
Rendered users/_form (1.0ms)
  [4;35;1mSQL (0.0ms)[0m   [0mSELECT count(*) AS count_all FROM `users` WHERE (last_request_at > '2010-08-24 08:16:07') [0m
Completed in 58ms (View: 13, DB: 3) | 200 OK [http://localhost/account/new]
  [4;36;1mSQL (0.0ms)[0m   [0;1mSET SQL_AUTO_IS_NULL=0[0m
  [4;35;1mSQL (0.0ms)[0m   [0mSHOW TABLES[0m
  [4;36;1mSQL (86.0ms)[0m   [0;1mCREATE TABLE `schema_migrations` (`version` varchar(255) NOT NULL) ENGINE=InnoDB[0m
  [4;35;1mSQL (134.0ms)[0m   [0mCREATE UNIQUE INDEX `unique_schema_migrations` ON `schema_migrations` (`version`)[0m
  [4;36;1mSQL (1.0ms)[0m   [0;1mSHOW TABLES[0m
  [4;35;1mSQL (1.0ms)[0m   [0mSELECT version FROM schema_migrations[0m
Migrating to CreateUsers (20081103171327)
  [4;36;1mSQL (90.0ms)[0m   [0;1mCREATE TABLE `users` (`id` int(11) DEFAULT NULL auto_increment PRIMARY KEY, `created_at` datetime, `updated_at` datetime, `login` varchar(255) NOT NULL, `crypted_password` varchar(255) NOT NULL, `password_salt` varchar(255) NOT NULL, `persistence_token` varchar(255) NOT NULL, `login_count` int(11) DEFAULT 0 NOT NULL, `last_request_at` datetime, `last_login_at` datetime, `current_login_at` datetime, `last_login_ip` varchar(255), `current_login_ip` varchar(255)) ENGINE=InnoDB[0m
  [4;35;1mSQL (165.0ms)[0m   [0mCREATE INDEX `index_users_on_login` ON `users` (`login`)[0m
  [4;36;1mSQL (189.0ms)[0m   [0;1mCREATE INDEX `index_users_on_persistence_token` ON `users` (`persistence_token`)[0m
  [4;35;1mSQL (161.0ms)[0m   [0mCREATE INDEX `index_users_on_last_request_at` ON `users` (`last_request_at`)[0m
  [4;36;1mSQL (15.0ms)[0m   [0;1mINSERT INTO schema_migrations (version) VALUES ('20081103171327')[0m
Migrating to CreateSessions (20081106072031)
  [4;35;1mSQL (125.0ms)[0m   [0mCREATE TABLE `sessions` (`id` int(11) DEFAULT NULL auto_increment PRIMARY KEY, `session_id` varchar(255) NOT NULL, `data` text, `created_at` datetime, `updated_at` datetime) ENGINE=InnoDB[0m
  [4;36;1mSQL (148.0ms)[0m   [0;1mCREATE INDEX `index_sessions_on_session_id` ON `sessions` (`session_id`)[0m
  [4;35;1mSQL (173.0ms)[0m   [0mCREATE INDEX `index_sessions_on_updated_at` ON `sessions` (`updated_at`)[0m
  [4;36;1mSQL (18.0ms)[0m   [0;1mINSERT INTO schema_migrations (version) VALUES ('20081106072031')[0m
Migrating to AddFieldsInUsersForActivation (20100823132911)
  [4;35;1mSQL (171.0ms)[0m   [0mALTER TABLE `users` ADD `active` tinyint(1) DEFAULT 0 NOT NULL[0m
  [4;36;1mSQL (181.0ms)[0m   [0;1mALTER TABLE `users` ADD `perishable_token` varchar(255) NOT NULL[0m
  [4;35;1mSQL (156.0ms)[0m   [0mALTER TABLE `users` ADD `email` varchar(255) NOT NULL[0m
  [4;36;1mSQL (19.0ms)[0m   [0;1mINSERT INTO schema_migrations (version) VALUES ('20100823132911')[0m
  [4;35;1mSQL (1.0ms)[0m   [0mSHOW TABLES[0m
  [4;36;1mSQL (0.0ms)[0m   [0;1mSELECT version FROM schema_migrations[0m
  [4;35;1mSQL (1.0ms)[0m   [0mSHOW TABLES[0m
  [4;36;1mSQL (2.0ms)[0m   [0;1mSHOW FIELDS FROM `sessions`[0m
  [4;35;1mSQL (2.0ms)[0m   [0mdescribe `sessions`[0m
  [4;36;1mSQL (0.0ms)[0m   [0;1mSHOW KEYS FROM `sessions`[0m
  [4;35;1mSQL (1.0ms)[0m   [0mSHOW FIELDS FROM `users`[0m
  [4;36;1mSQL (2.0ms)[0m   [0;1mdescribe `users`[0m
  [4;35;1mSQL (0.0ms)[0m   [0mSHOW KEYS FROM `users`[0m
  [4;36;1mSQL (0.0ms)[0m   [0;1mSET SQL_AUTO_IS_NULL=0[0m


Processing UsersController#new (for 127.0.0.1 at 2010-08-24 13:57:05) [GET]
  Parameters: {"action"=>"new", "controller"=>"users"}
  [4;35;1mUser Columns (2.0ms)[0m   [0mSHOW FIELDS FROM `users`[0m
Rendering template within layouts/application
Rendering users/new
Rendered users/_form (2.0ms)
  [4;36;1mSQL (0.0ms)[0m   [0;1mSELECT count(*) AS count_all FROM `users` WHERE (last_request_at > '2010-08-24 08:17:05') [0m
Completed in 188ms (View: 155, DB: 4) | 200 OK [http://localhost/account/new]
  [4;35;1mSQL (1.0ms)[0m   [0mSET SQL_AUTO_IS_NULL=0[0m


Processing UserSessionsController#new (for 127.0.0.1 at 2010-08-24 13:57:40) [GET]
  Parameters: {"action"=>"new", "controller"=>"user_sessions"}
  [4;36;1mUser Columns (2.0ms)[0m   [0;1mSHOW FIELDS FROM `users`[0m
Rendering template within layouts/application
Rendering user_sessions/new
  [4;35;1mSQL (0.0ms)[0m   [0mSELECT count(*) AS count_all FROM `users` WHERE (last_request_at > '2010-08-24 08:17:40') [0m
Completed in 52ms (View: 7, DB: 3) | 200 OK [http://localhost/user_session/new]
  [4;36;1mSQL (1.0ms)[0m   [0;1mSET SQL_AUTO_IS_NULL=0[0m


Processing UsersController#new (for 127.0.0.1 at 2010-08-24 13:57:41) [GET]
  Parameters: {"action"=>"new", "controller"=>"users"}
  [4;35;1mUser Columns (1.0ms)[0m   [0mSHOW FIELDS FROM `users`[0m
Rendering template within layouts/application
Rendering users/new
Rendered users/_form (1.0ms)
  [4;36;1mSQL (1.0ms)[0m   [0;1mSELECT count(*) AS count_all FROM `users` WHERE (last_request_at > '2010-08-24 08:17:41') [0m
Completed in 23ms (View: 6, DB: 3) | 200 OK [http://localhost/account/new]
  [4;35;1mSQL (0.0ms)[0m   [0mSET SQL_AUTO_IS_NULL=0[0m


Processing UsersController#create (for 127.0.0.1 at 2010-08-24 13:57:58) [POST]
  Parameters: {"commit"=>"Register", "action"=>"create", "controller"=>"users", "user"=>{"password_confirmation"=>"[FILTERED]", "password"=>"[FILTERED]", "login"=>"sachin", "email"=>"sachin238@gmail.com"}}
  [4;36;1mUser Columns (3.0ms)[0m   [0;1mSHOW FIELDS FROM `users`[0m
  [4;35;1mSQL (0.0ms)[0m   [0mBEGIN[0m
  [4;36;1mUser Exists (1.0ms)[0m   [0;1mSELECT `users`.id FROM `users` WHERE (LOWER(`users`.`email`) = BINARY 'sachin238@gmail.com') LIMIT 1[0m
  [4;35;1mUser Exists (1.0ms)[0m   [0mSELECT `users`.id FROM `users` WHERE (LOWER(`users`.`login`) = BINARY 'sachin') LIMIT 1[0m
  [4;36;1mUser Exists (0.0ms)[0m   [0;1mSELECT `users`.id FROM `users` WHERE (`users`.`persistence_token` = BINARY '7df19de1bc38b69116c12043659cded9359cd6f5386303cb86624bb1ce5327416d7565b9509613ad4cfe5b62052c86f4cbb0b8a4ef1fe155ce599a82be18d443') LIMIT 1[0m
  [4;35;1mUser Create (0.0ms)[0m   [0mINSERT INTO `users` (`created_at`, `last_request_at`, `crypted_password`, `updated_at`, `perishable_token`, `current_login_ip`, `password_salt`, `current_login_at`, `persistence_token`, `login_count`, `last_login_ip`, `login`, `last_login_at`, `active`, `email`) VALUES('2010-08-24 08:28:02', NULL, '4895dadefce301a49515c65d7a8d2c25af3932c910f3650af8364da9673b8119d74160e67cdc5c56e932d29126abd0edd9393a0beaa6b83e68ea9618265da86f', '2010-08-24 08:28:02', 'y8SEg0YuXtjYVKI6iN6', NULL, 'sss17r6A2MPf5IL71Rii', NULL, '7df19de1bc38b69116c12043659cded9359cd6f5386303cb86624bb1ce5327416d7565b9509613ad4cfe5b62052c86f4cbb0b8a4ef1fe155ce599a82be18d443', 0, NULL, 'sachin', NULL, 0, 'sachin238@gmail.com')[0m
  [4;36;1mSQL (24.0ms)[0m   [0;1mCOMMIT[0m
  [4;35;1mSQL (0.0ms)[0m   [0mBEGIN[0m
  [4;36;1mUser Update (0.0ms)[0m   [0;1mUPDATE `users` SET `updated_at` = '2010-08-24 08:28:02', `perishable_token` = 'kwUBFEl2NIbtCYgncTM' WHERE `id` = 1[0m
  [4;35;1mSQL (13.0ms)[0m   [0mCOMMIT[0m

NoMethodError (undefined method `activate_url' for #<Notifier:0xec6b668>):
  app/models/notifier.rb:8:in `activation_instructions'
  app/models/user.rb:11:in `deliver_activation_instructions!'
  app/controllers/users_controller.rb:13:in `create'
  C:/Ruby187/lib/ruby/1.8/webrick/httpserver.rb:104:in `service'
  C:/Ruby187/lib/ruby/1.8/webrick/httpserver.rb:65:in `run'
  C:/Ruby187/lib/ruby/1.8/webrick/server.rb:173:in `start_thread'
  C:/Ruby187/lib/ruby/1.8/webrick/server.rb:162:in `start'
  C:/Ruby187/lib/ruby/1.8/webrick/server.rb:162:in `start_thread'
  C:/Ruby187/lib/ruby/1.8/webrick/server.rb:95:in `start'
  C:/Ruby187/lib/ruby/1.8/webrick/server.rb:92:in `each'
  C:/Ruby187/lib/ruby/1.8/webrick/server.rb:92:in `start'
  C:/Ruby187/lib/ruby/1.8/webrick/server.rb:23:in `start'
  C:/Ruby187/lib/ruby/1.8/webrick/server.rb:82:in `start'

Rendered rescues/_trace (25.0ms)
Rendered rescues/_request_and_response (1.0ms)
Rendering rescues/layout (internal_server_error)
  [4;36;1mSQL (0.0ms)[0m   [0;1mSET SQL_AUTO_IS_NULL=0[0m
  [4;35;1mSQL (1.0ms)[0m   [0mSHOW TABLES[0m
  [4;36;1mSQL (58.0ms)[0m   [0;1mCREATE TABLE `schema_migrations` (`version` varchar(255) NOT NULL) ENGINE=InnoDB[0m
  [4;35;1mSQL (125.0ms)[0m   [0mCREATE UNIQUE INDEX `unique_schema_migrations` ON `schema_migrations` (`version`)[0m
  [4;36;1mSQL (2.0ms)[0m   [0;1mSHOW TABLES[0m
  [4;35;1mSQL (1.0ms)[0m   [0mSELECT version FROM schema_migrations[0m
Migrating to CreateUsers (20081103171327)
  [4;36;1mSQL (54.0ms)[0m   [0;1mCREATE TABLE `users` (`id` int(11) DEFAULT NULL auto_increment PRIMARY KEY, `created_at` datetime, `updated_at` datetime, `login` varchar(255) NOT NULL, `crypted_password` varchar(255) NOT NULL, `password_salt` varchar(255) NOT NULL, `persistence_token` varchar(255) NOT NULL, `login_count` int(11) DEFAULT 0 NOT NULL, `last_request_at` datetime, `last_login_at` datetime, `current_login_at` datetime, `last_login_ip` varchar(255), `current_login_ip` varchar(255)) ENGINE=InnoDB[0m
  [4;35;1mSQL (157.0ms)[0m   [0mCREATE INDEX `index_users_on_login` ON `users` (`login`)[0m
  [4;36;1mSQL (146.0ms)[0m   [0;1mCREATE INDEX `index_users_on_persistence_token` ON `users` (`persistence_token`)[0m
  [4;35;1mSQL (130.0ms)[0m   [0mCREATE INDEX `index_users_on_last_request_at` ON `users` (`last_request_at`)[0m
  [4;36;1mSQL (21.0ms)[0m   [0;1mINSERT INTO schema_migrations (version) VALUES ('20081103171327')[0m
Migrating to CreateSessions (20081106072031)
  [4;35;1mSQL (58.0ms)[0m   [0mCREATE TABLE `sessions` (`id` int(11) DEFAULT NULL auto_increment PRIMARY KEY, `session_id` varchar(255) NOT NULL, `data` text, `created_at` datetime, `updated_at` datetime) ENGINE=InnoDB[0m
  [4;36;1mSQL (123.0ms)[0m   [0;1mCREATE INDEX `index_sessions_on_session_id` ON `sessions` (`session_id`)[0m
  [4;35;1mSQL (140.0ms)[0m   [0mCREATE INDEX `index_sessions_on_updated_at` ON `sessions` (`updated_at`)[0m
  [4;36;1mSQL (20.0ms)[0m   [0;1mINSERT INTO schema_migrations (version) VALUES ('20081106072031')[0m
Migrating to AddFieldsInUsersForActivation (20100823132911)
  [4;35;1mSQL (144.0ms)[0m   [0mALTER TABLE `users` ADD `active` tinyint(1) DEFAULT 0 NOT NULL[0m
  [4;36;1mSQL (147.0ms)[0m   [0;1mALTER TABLE `users` ADD `perishable_token` varchar(255) NOT NULL[0m
  [4;35;1mSQL (147.0ms)[0m   [0mALTER TABLE `users` ADD `email` varchar(255) NOT NULL[0m
  [4;36;1mSQL (19.0ms)[0m   [0;1mINSERT INTO schema_migrations (version) VALUES ('20100823132911')[0m
  [4;35;1mSQL (0.0ms)[0m   [0mSHOW TABLES[0m
  [4;36;1mSQL (0.0ms)[0m   [0;1mSELECT version FROM schema_migrations[0m
  [4;35;1mSQL (0.0ms)[0m   [0mSHOW TABLES[0m
  [4;36;1mSQL (1.0ms)[0m   [0;1mSHOW FIELDS FROM `sessions`[0m
  [4;35;1mSQL (1.0ms)[0m   [0mdescribe `sessions`[0m
  [4;36;1mSQL (0.0ms)[0m   [0;1mSHOW KEYS FROM `sessions`[0m
  [4;35;1mSQL (2.0ms)[0m   [0mSHOW FIELDS FROM `users`[0m
  [4;36;1mSQL (2.0ms)[0m   [0;1mdescribe `users`[0m
  [4;35;1mSQL (1.0ms)[0m   [0mSHOW KEYS FROM `users`[0m
  [4;36;1mSQL (0.0ms)[0m   [0;1mSET SQL_AUTO_IS_NULL=0[0m


Processing UsersController#create (for 127.0.0.1 at 2010-08-24 14:03:33) [POST]
  Parameters: {"commit"=>"Register", "action"=>"create", "controller"=>"users", "user"=>{"password_confirmation"=>"[FILTERED]", "password"=>"[FILTERED]", "login"=>"sachin", "email"=>"sachin238@gmail.com"}}
  [4;35;1mUser Columns (3.0ms)[0m   [0mSHOW FIELDS FROM `users`[0m
  [4;36;1mSQL (0.0ms)[0m   [0;1mBEGIN[0m
  [4;35;1mUser Exists (0.0ms)[0m   [0mSELECT `users`.id FROM `users` WHERE (LOWER(`users`.`email`) = BINARY 'sachin238@gmail.com') LIMIT 1[0m
  [4;36;1mUser Exists (0.0ms)[0m   [0;1mSELECT `users`.id FROM `users` WHERE (LOWER(`users`.`login`) = BINARY 'sachin') LIMIT 1[0m
  [4;35;1mUser Exists (0.0ms)[0m   [0mSELECT `users`.id FROM `users` WHERE (`users`.`persistence_token` = BINARY 'b8c7edcd2d46962a8736fce87f2e4e4ab98e09ba1952118bf3aa7f4884569be5495f33baf76f0040f4f8d37db780533ccd40f0b6c4f1f2df821c91552ec23e96') LIMIT 1[0m
  [4;36;1mUser Create (0.0ms)[0m   [0;1mINSERT INTO `users` (`created_at`, `last_request_at`, `crypted_password`, `updated_at`, `perishable_token`, `current_login_ip`, `password_salt`, `current_login_at`, `persistence_token`, `login_count`, `last_login_ip`, `login`, `last_login_at`, `active`, `email`) VALUES('2010-08-24 08:33:35', NULL, '77be06faf8f5e0f7af40b249694058aa772b8fea7f77e7ee04c12cd579ff88f122cee44b3c6b6fee29a55d2d8a31eb8f171d145633ef526a17ef8c7193f4d292', '2010-08-24 08:33:35', 'G3iX32xF93RWFQrE2UfI', NULL, 'PF0gTkTl7W6KQ2wJFt9Z', NULL, 'b8c7edcd2d46962a8736fce87f2e4e4ab98e09ba1952118bf3aa7f4884569be5495f33baf76f0040f4f8d37db780533ccd40f0b6c4f1f2df821c91552ec23e96', 0, NULL, 'sachin', NULL, 0, 'sachin238@gmail.com')[0m
  [4;35;1mSQL (17.0ms)[0m   [0mCOMMIT[0m
  [4;36;1mSQL (0.0ms)[0m   [0;1mBEGIN[0m
  [4;35;1mUser Update (1.0ms)[0m   [0mUPDATE `users` SET `updated_at` = '2010-08-24 08:33:35', `perishable_token` = 'WrwYjBpQ3zK3eJLJMP' WHERE `id` = 1[0m
  [4;36;1mSQL (15.0ms)[0m   [0;1mCOMMIT[0m
Sent mail to sachin238@gmail.com

Date: Tue, 24 Aug 2010 14:03:35 +0530
From: noreply@binarylogic.com
To: sachin238@gmail.com
Subject: Activation Instructions
Mime-Version: 1.0
Content-Type: text/plain; charset=utf-8

 Thank you for creating an account! Click the url below to activate your account!

  http://binarylogic.com/activate/WrwYjBpQ3zK3eJLJMP

  If the above URL does not work try copying and pasting it into your browser. If you continue to have problem, please feel free to contact us.
Redirected to http://localhost:3000/account
Completed in 2907ms (DB: 38) | 302 Found [http://localhost/account]
  [4;35;1mSQL (0.0ms)[0m   [0mSET SQL_AUTO_IS_NULL=0[0m


Processing UsersController#show (for 127.0.0.1 at 2010-08-24 14:03:36) [GET]
  Parameters: {"action"=>"show", "controller"=>"users"}
  [4;36;1mUser Columns (2.0ms)[0m   [0;1mSHOW FIELDS FROM `users`[0m
Redirected to http://localhost:3000/user_session/new
Filter chain halted as [:require_user] rendered_or_redirected.
Completed in 14ms (DB: 2) | 302 Found [http://localhost/account]
  [4;35;1mSQL (0.0ms)[0m   [0mSET SQL_AUTO_IS_NULL=0[0m


Processing UserSessionsController#new (for 127.0.0.1 at 2010-08-24 14:03:36) [GET]
  Parameters: {"action"=>"new", "controller"=>"user_sessions"}
  [4;36;1mUser Columns (2.0ms)[0m   [0;1mSHOW FIELDS FROM `users`[0m
Rendering template within layouts/application
Rendering user_sessions/new
  [4;35;1mSQL (0.0ms)[0m   [0mSELECT count(*) AS count_all FROM `users` WHERE (last_request_at > '2010-08-24 08:23:37') [0m
Completed in 151ms (View: 135, DB: 2) | 200 OK [http://localhost/user_session/new]
  [4;36;1mSQL (0.0ms)[0m   [0;1mSET SQL_AUTO_IS_NULL=0[0m


Processing UsersController#activate (for 127.0.0.1 at 2010-08-24 14:04:07) [GET]
  Parameters: {"activation_code"=>"WrwYjBpQ3zK3eJLJMP", "action"=>"activate", "controller"=>"users"}
  [4;35;1mUser Columns (2.0ms)[0m   [0mSHOW FIELDS FROM `users`[0m
  [4;36;1mUser Load (0.0ms)[0m   [0;1mSELECT * FROM `users` WHERE (perishable_token = 'WrwYjBpQ3zK3eJLJMP' and updated_at > '2010-08-17 08:34:07') LIMIT 1[0m
  [4;35;1mSQL (0.0ms)[0m   [0mBEGIN[0m
  [4;36;1mUser Update (1.0ms)[0m   [0;1mUPDATE `users` SET `updated_at` = '2010-08-24 08:34:07', `perishable_token` = 'CGuygYTnt4dAU8xeE9', `active` = 1 WHERE `id` = 1[0m
  [4;35;1mSQL (20.0ms)[0m   [0mCOMMIT[0m
  [4;36;1mSQL (0.0ms)[0m   [0;1mBEGIN[0m
  [4;35;1mUser Update (1.0ms)[0m   [0mUPDATE `users` SET `updated_at` = '2010-08-24 08:34:07', `perishable_token` = '76hRz2JpnxldtgXw5SO', `current_login_at` = '2010-08-24 08:34:07', `login_count` = 1, `current_login_ip` = '127.0.0.1', `last_request_at` = '2010-08-24 08:34:07' WHERE `id` = 1[0m
  [4;36;1mSQL (26.0ms)[0m   [0;1mCOMMIT[0m
  [4;35;1mSQL (0.0ms)[0m   [0mBEGIN[0m
  [4;36;1mUser Update (1.0ms)[0m   [0;1mUPDATE `users` SET `updated_at` = '2010-08-24 08:34:07', `perishable_token` = '5QkgYXkvJWwigfFIPc5' WHERE `id` = 1[0m
  [4;35;1mSQL (72.0ms)[0m   [0mCOMMIT[0m
Sent mail to sachin238@gmail.com

Date: Tue, 24 Aug 2010 14:04:07 +0530
From: noreply@binarylogic.com
To: sachin238@gmail.com
Subject: Welcome to the site!
Mime-Version: 1.0
Content-Type: text/plain; charset=utf-8

Welcome to the site! Your account has been activated.

  http://binarylogic.com/

  If the above URL does not work try copying and pasting it into your browser. If you continue to have problem, please feel free to contact us.
Redirected to http://localhost:3000/account
Completed in 1190ms (DB: 123) | 302 Found [http://localhost/activate/WrwYjBpQ3zK3eJLJMP]
  [4;36;1mSQL (0.0ms)[0m   [0;1mSET SQL_AUTO_IS_NULL=0[0m


Processing UsersController#show (for 127.0.0.1 at 2010-08-24 14:04:08) [GET]
  Parameters: {"action"=>"show", "controller"=>"users"}
  [4;35;1mUser Columns (2.0ms)[0m   [0mSHOW FIELDS FROM `users`[0m
  [4;36;1mUser Load (1.0ms)[0m   [0;1mSELECT * FROM `users` WHERE (`users`.`id` = '1') LIMIT 1[0m
  [4;35;1mSQL (0.0ms)[0m   [0mBEGIN[0m
  [4;36;1mUser Update (0.0ms)[0m   [0;1mUPDATE `users` SET `updated_at` = '2010-08-24 08:34:08', `perishable_token` = 'dDCVNuk37Bj8rTE3xeG', `last_request_at` = '2010-08-24 08:34:08' WHERE `id` = 1[0m
  [4;35;1mSQL (17.0ms)[0m   [0mCOMMIT[0m
Rendering template within layouts/application
Rendering users/show
  [4;36;1mSQL (1.0ms)[0m   [0;1mSELECT count(*) AS count_all FROM `users` WHERE (last_request_at > '2010-08-24 08:24:08') [0m
Completed in 45ms (View: 6, DB: 21) | 200 OK [http://localhost/account]
  [4;35;1mSQL (0.0ms)[0m   [0mSET SQL_AUTO_IS_NULL=0[0m


Processing UsersController#show (for 127.0.0.1 at 2010-08-24 14:04:39) [GET]
  Parameters: {"action"=>"show", "controller"=>"users"}
  [4;36;1mUser Columns (2.0ms)[0m   [0;1mSHOW FIELDS FROM `users`[0m
  [4;35;1mUser Load (0.0ms)[0m   [0mSELECT * FROM `users` WHERE (`users`.`id` = '1') LIMIT 1[0m
  [4;36;1mSQL (0.0ms)[0m   [0;1mBEGIN[0m
  [4;35;1mUser Update (0.0ms)[0m   [0mUPDATE `users` SET `updated_at` = '2010-08-24 08:34:39', `perishable_token` = 'zISDGg0LmVg2w3dtUQ2', `last_request_at` = '2010-08-24 08:34:39' WHERE `id` = 1[0m
  [4;36;1mSQL (25.0ms)[0m   [0;1mCOMMIT[0m
Rendering template within layouts/application
Rendering users/show
  [4;35;1mSQL (0.0ms)[0m   [0mSELECT count(*) AS count_all FROM `users` WHERE (last_request_at > '2010-08-24 08:24:39') [0m
Completed in 49ms (View: 3, DB: 27) | 200 OK [http://localhost/account]
  [4;36;1mSQL (0.0ms)[0m   [0;1mSET SQL_AUTO_IS_NULL=0[0m


Processing UsersController#edit (for 127.0.0.1 at 2010-08-24 14:04:45) [GET]
  Parameters: {"action"=>"edit", "controller"=>"users"}
  [4;35;1mUser Columns (2.0ms)[0m   [0mSHOW FIELDS FROM `users`[0m
  [4;36;1mUser Load (0.0ms)[0m   [0;1mSELECT * FROM `users` WHERE (`users`.`id` = '1') LIMIT 1[0m
  [4;35;1mSQL (0.0ms)[0m   [0mBEGIN[0m
  [4;36;1mUser Update (0.0ms)[0m   [0;1mUPDATE `users` SET `updated_at` = '2010-08-24 08:34:45', `perishable_token` = 'rK1RBcHAs8Om0JGEdQLr', `last_request_at` = '2010-08-24 08:34:45' WHERE `id` = 1[0m
  [4;35;1mSQL (23.0ms)[0m   [0mCOMMIT[0m
Rendering template within layouts/application
Rendering users/edit
Rendered users/_form (1.0ms)
  [4;36;1mSQL (0.0ms)[0m   [0;1mSELECT count(*) AS count_all FROM `users` WHERE (last_request_at > '2010-08-24 08:24:45') [0m
Completed in 56ms (View: 10, DB: 25) | 200 OK [http://localhost/account/edit]
  [4;35;1mSQL (2.0ms)[0m   [0mSET SQL_AUTO_IS_NULL=0[0m


Processing UsersController#show (for 127.0.0.1 at 2010-08-24 14:04:49) [GET]
  Parameters: {"action"=>"show", "controller"=>"users"}
  [4;36;1mUser Columns (2.0ms)[0m   [0;1mSHOW FIELDS FROM `users`[0m
  [4;35;1mUser Load (1.0ms)[0m   [0mSELECT * FROM `users` WHERE (`users`.`id` = '1') LIMIT 1[0m
  [4;36;1mSQL (0.0ms)[0m   [0;1mBEGIN[0m
  [4;35;1mUser Update (4.0ms)[0m   [0mUPDATE `users` SET `updated_at` = '2010-08-24 08:34:49', `perishable_token` = '7dZVkPnW7ryiG9vG3ksg', `last_request_at` = '2010-08-24 08:34:49' WHERE `id` = 1[0m
  [4;36;1mSQL (57.0ms)[0m   [0;1mCOMMIT[0m
Rendering template within layouts/application
Rendering users/show
  [4;35;1mSQL (0.0ms)[0m   [0mSELECT count(*) AS count_all FROM `users` WHERE (last_request_at > '2010-08-24 08:24:49') [0m
Completed in 92ms (View: 7, DB: 66) | 200 OK [http://localhost/account]
  [4;36;1mSQL (0.0ms)[0m   [0;1mSET SQL_AUTO_IS_NULL=0[0m


Processing UserSessionsController#new (for 127.0.0.1 at 2010-08-24 17:10:54) [GET]
  Parameters: {"action"=>"new", "controller"=>"user_sessions"}

NameError (uninitialized constant Authlogic):
  app/models/user_session.rb:1
  app/controllers/application_controller.rb:14:in `current_user_session'
  app/controllers/application_controller.rb:19:in `current_user'
  app/controllers/application_controller.rb:32:in `require_no_user'
  C:/Ruby187/lib/ruby/1.8/webrick/httpserver.rb:104:in `service'
  C:/Ruby187/lib/ruby/1.8/webrick/httpserver.rb:65:in `run'
  C:/Ruby187/lib/ruby/1.8/webrick/server.rb:173:in `start_thread'
  C:/Ruby187/lib/ruby/1.8/webrick/server.rb:162:in `start'
  C:/Ruby187/lib/ruby/1.8/webrick/server.rb:162:in `start_thread'
  C:/Ruby187/lib/ruby/1.8/webrick/server.rb:95:in `start'
  C:/Ruby187/lib/ruby/1.8/webrick/server.rb:92:in `each'
  C:/Ruby187/lib/ruby/1.8/webrick/server.rb:92:in `start'
  C:/Ruby187/lib/ruby/1.8/webrick/server.rb:23:in `start'
  C:/Ruby187/lib/ruby/1.8/webrick/server.rb:82:in `start'

Rendering D:/projects/starter/public/500.html (500 Error)


Processing ApplicationController#new (for 127.0.0.1 at 2010-08-24 17:10:54) [GET]
  Parameters: {"action"=>"new", "controller"=>"user_sessions"}

ActionView::TemplateError (Invalid argument - ./D:/projects/starter/public/500.html) in D:/projects/starter/public/500.html:

    C:/Ruby187/lib/ruby/1.8/webrick/httpserver.rb:104:in `service'
    C:/Ruby187/lib/ruby/1.8/webrick/httpserver.rb:65:in `run'
    C:/Ruby187/lib/ruby/1.8/webrick/server.rb:173:in `start_thread'
    C:/Ruby187/lib/ruby/1.8/webrick/server.rb:162:in `start'
    C:/Ruby187/lib/ruby/1.8/webrick/server.rb:162:in `start_thread'
    C:/Ruby187/lib/ruby/1.8/webrick/server.rb:95:in `start'
    C:/Ruby187/lib/ruby/1.8/webrick/server.rb:92:in `each'
    C:/Ruby187/lib/ruby/1.8/webrick/server.rb:92:in `start'
    C:/Ruby187/lib/ruby/1.8/webrick/server.rb:23:in `start'
    C:/Ruby187/lib/ruby/1.8/webrick/server.rb:82:in `start'

Rendering D:/projects/starter/public/500.html (500 Error)
/!\ FAILSAFE /!\  Tue Aug 24 17:10:54 +0530 2010
  Status: 500 Internal Server Error
  
ActionView::TemplateError (Invalid argument - ./D:/projects/starter/public/500.html) in D:/projects/starter/public/500.html:

    C:/Ruby187/lib/ruby/1.8/webrick/httpserver.rb:104:in `service'
    C:/Ruby187/lib/ruby/1.8/webrick/httpserver.rb:65:in `run'
    C:/Ruby187/lib/ruby/1.8/webrick/server.rb:173:in `start_thread'
    C:/Ruby187/lib/ruby/1.8/webrick/server.rb:162:in `start'
    C:/Ruby187/lib/ruby/1.8/webrick/server.rb:162:in `start_thread'
    C:/Ruby187/lib/ruby/1.8/webrick/server.rb:95:in `start'
    C:/Ruby187/lib/ruby/1.8/webrick/server.rb:92:in `each'
    C:/Ruby187/lib/ruby/1.8/webrick/server.rb:92:in `start'
    C:/Ruby187/lib/ruby/1.8/webrick/server.rb:23:in `start'
    C:/Ruby187/lib/ruby/1.8/webrick/server.rb:82:in `start'


    In d:/projects/starter/public/500.html


    C:/Ruby187/lib/ruby/1.8/webrick/httpserver.rb:104:in `service'
    C:/Ruby187/lib/ruby/1.8/webrick/httpserver.rb:65:in `run'
    C:/Ruby187/lib/ruby/1.8/webrick/server.rb:173:in `start_thread'
    C:/Ruby187/lib/ruby/1.8/webrick/server.rb:162:in `start'
    C:/Ruby187/lib/ruby/1.8/webrick/server.rb:162:in `start_thread'
    C:/Ruby187/lib/ruby/1.8/webrick/server.rb:95:in `start'
    C:/Ruby187/lib/ruby/1.8/webrick/server.rb:92:in `each'
    C:/Ruby187/lib/ruby/1.8/webrick/server.rb:92:in `start'
    C:/Ruby187/lib/ruby/1.8/webrick/server.rb:23:in `start'
    C:/Ruby187/lib/ruby/1.8/webrick/server.rb:82:in `start'
  [4;36;1mSQL (0.0ms)[0m   [0;1mSET SQL_AUTO_IS_NULL=0[0m


Processing UserSessionsController#new (for 127.0.0.1 at 2010-08-24 17:13:06) [GET]
  Parameters: {"action"=>"new", "controller"=>"user_sessions"}

NameError (uninitialized constant Authlogic):
  app/models/user_session.rb:1
  app/controllers/application_controller.rb:14:in `current_user_session'
  app/controllers/application_controller.rb:19:in `current_user'
  app/controllers/application_controller.rb:32:in `require_no_user'
  C:/Ruby187/lib/ruby/1.8/webrick/httpserver.rb:104:in `service'
  C:/Ruby187/lib/ruby/1.8/webrick/httpserver.rb:65:in `run'
  C:/Ruby187/lib/ruby/1.8/webrick/server.rb:173:in `start_thread'
  C:/Ruby187/lib/ruby/1.8/webrick/server.rb:162:in `start'
  C:/Ruby187/lib/ruby/1.8/webrick/server.rb:162:in `start_thread'
  C:/Ruby187/lib/ruby/1.8/webrick/server.rb:95:in `start'
  C:/Ruby187/lib/ruby/1.8/webrick/server.rb:92:in `each'
  C:/Ruby187/lib/ruby/1.8/webrick/server.rb:92:in `start'
  C:/Ruby187/lib/ruby/1.8/webrick/server.rb:23:in `start'
  C:/Ruby187/lib/ruby/1.8/webrick/server.rb:82:in `start'

Rendered rescues/_trace (31.0ms)
Rendered rescues/_request_and_response (1.0ms)
Rendering rescues/layout (internal_server_error)
  [4;35;1mSQL (0.0ms)[0m   [0mSET SQL_AUTO_IS_NULL=0[0m


Processing UserSessionsController#new (for 127.0.0.1 at 2010-08-24 17:14:01) [GET]
  Parameters: {"action"=>"new", "controller"=>"user_sessions"}

NameError (uninitialized constant Authlogic):
  app/models/user_session.rb:1
  app/controllers/application_controller.rb:14:in `current_user_session'
  app/controllers/application_controller.rb:19:in `current_user'
  app/controllers/application_controller.rb:32:in `require_no_user'
  C:/Ruby187/lib/ruby/1.8/webrick/httpserver.rb:104:in `service'
  C:/Ruby187/lib/ruby/1.8/webrick/httpserver.rb:65:in `run'
  C:/Ruby187/lib/ruby/1.8/webrick/server.rb:173:in `start_thread'
  C:/Ruby187/lib/ruby/1.8/webrick/server.rb:162:in `start'
  C:/Ruby187/lib/ruby/1.8/webrick/server.rb:162:in `start_thread'
  C:/Ruby187/lib/ruby/1.8/webrick/server.rb:95:in `start'
  C:/Ruby187/lib/ruby/1.8/webrick/server.rb:92:in `each'
  C:/Ruby187/lib/ruby/1.8/webrick/server.rb:92:in `start'
  C:/Ruby187/lib/ruby/1.8/webrick/server.rb:23:in `start'
  C:/Ruby187/lib/ruby/1.8/webrick/server.rb:82:in `start'

Rendered rescues/_trace (30.0ms)
Rendered rescues/_request_and_response (1.0ms)
Rendering rescues/layout (internal_server_error)
  [4;36;1mSQL (0.0ms)[0m   [0;1mSET SQL_AUTO_IS_NULL=0[0m


Processing UserSessionsController#new (for 127.0.0.1 at 2010-08-24 17:14:29) [GET]
  Parameters: {"action"=>"new", "controller"=>"user_sessions"}
  [4;35;1mUser Columns (3.0ms)[0m   [0mSHOW FIELDS FROM `users`[0m
  [4;36;1mUser Load (1.0ms)[0m   [0;1mSELECT * FROM `users` WHERE (`users`.`id` = '1') LIMIT 1[0m
  [4;35;1mSQL (1.0ms)[0m   [0mBEGIN[0m
  [4;36;1mUser Update (0.0ms)[0m   [0;1mUPDATE `users` SET `updated_at` = '2010-08-24 11:44:31', `perishable_token` = 'E5vtJsNNNkMNMfehA2O', `last_request_at` = '2010-08-24 11:44:30' WHERE `id` = 1[0m
  [4;35;1mSQL (79.0ms)[0m   [0mCOMMIT[0m
Redirected to http://localhost:3000/account
Filter chain halted as [:require_no_user] rendered_or_redirected.
Completed in 1981ms (DB: 87) | 302 Found [http://localhost/]
  [4;36;1mSQL (0.0ms)[0m   [0;1mSET SQL_AUTO_IS_NULL=0[0m


Processing UsersController#show (for 127.0.0.1 at 2010-08-24 17:14:31) [GET]
  Parameters: {"action"=>"show", "controller"=>"users"}
  [4;35;1mUser Columns (2.0ms)[0m   [0mSHOW FIELDS FROM `users`[0m
  [4;36;1mUser Load (1.0ms)[0m   [0;1mSELECT * FROM `users` WHERE (`users`.`id` = '1') LIMIT 1[0m
  [4;35;1mSQL (0.0ms)[0m   [0mBEGIN[0m
  [4;36;1mUser Update (0.0ms)[0m   [0;1mUPDATE `users` SET `updated_at` = '2010-08-24 11:44:31', `perishable_token` = 'FjwFgyALeRUgGx5Hgh', `last_request_at` = '2010-08-24 11:44:31' WHERE `id` = 1[0m
  [4;35;1mSQL (26.0ms)[0m   [0mCOMMIT[0m
Rendering template within layouts/application
Rendering users/show
  [4;36;1mSQL (0.0ms)[0m   [0;1mSELECT count(*) AS count_all FROM `users` WHERE (last_request_at > '2010-08-24 11:34:32') [0m
Completed in 59ms (View: 10, DB: 29) | 200 OK [http://localhost/account]
  [4;35;1mSQL (0.0ms)[0m   [0mSET SQL_AUTO_IS_NULL=0[0m


Processing UserSessionsController#destroy (for 127.0.0.1 at 2010-08-24 17:14:37) [DELETE]
  Parameters: {"action"=>"destroy", "_method"=>"delete", "controller"=>"user_sessions"}
  [4;36;1mUser Columns (2.0ms)[0m   [0;1mSHOW FIELDS FROM `users`[0m
  [4;35;1mUser Load (1.0ms)[0m   [0mSELECT * FROM `users` WHERE (`users`.`id` = '1') LIMIT 1[0m
  [4;36;1mSQL (0.0ms)[0m   [0;1mBEGIN[0m
  [4;35;1mUser Update (0.0ms)[0m   [0mUPDATE `users` SET `updated_at` = '2010-08-24 11:44:37', `perishable_token` = 'YFZthLJWii1n8zSm88Iq', `last_request_at` = '2010-08-24 11:44:37' WHERE `id` = 1[0m
  [4;36;1mSQL (29.0ms)[0m   [0;1mCOMMIT[0m
Redirected to http://localhost:3000/
Completed in 56ms (DB: 32) | 302 Found [http://localhost/user_session]
  [4;35;1mSQL (0.0ms)[0m   [0mSET SQL_AUTO_IS_NULL=0[0m


Processing UserSessionsController#new (for 127.0.0.1 at 2010-08-24 17:14:38) [GET]
  Parameters: {"action"=>"new", "controller"=>"user_sessions"}
  [4;36;1mUser Columns (2.0ms)[0m   [0;1mSHOW FIELDS FROM `users`[0m
Rendering template within layouts/application
Rendering user_sessions/new
  [4;35;1mSQL (1.0ms)[0m   [0mSELECT count(*) AS count_all FROM `users` WHERE (last_request_at > '2010-08-24 11:34:38') [0m
Completed in 29ms (View: 8, DB: 4) | 200 OK [http://localhost/]
  [4;36;1mSQL (0.0ms)[0m   [0;1mSET SQL_AUTO_IS_NULL=0[0m


Processing ApplicationController#index (for 127.0.0.1 at 2010-08-24 17:14:42) [GET]

ActionController::RoutingError (No route matches "/sachin" with {:method=>:get}):
  C:/Ruby187/lib/ruby/1.8/webrick/httpserver.rb:104:in `service'
  C:/Ruby187/lib/ruby/1.8/webrick/httpserver.rb:65:in `run'
  C:/Ruby187/lib/ruby/1.8/webrick/server.rb:173:in `start_thread'
  C:/Ruby187/lib/ruby/1.8/webrick/server.rb:162:in `start'
  C:/Ruby187/lib/ruby/1.8/webrick/server.rb:162:in `start_thread'
  C:/Ruby187/lib/ruby/1.8/webrick/server.rb:95:in `start'
  C:/Ruby187/lib/ruby/1.8/webrick/server.rb:92:in `each'
  C:/Ruby187/lib/ruby/1.8/webrick/server.rb:92:in `start'
  C:/Ruby187/lib/ruby/1.8/webrick/server.rb:23:in `start'
  C:/Ruby187/lib/ruby/1.8/webrick/server.rb:82:in `start'

Rendering D:/projects/starter/public/404.html (404 Not Found)
/!\ FAILSAFE /!\  Tue Aug 24 17:14:42 +0530 2010
  Status: 500 Internal Server Error
  
ActionView::TemplateError (Invalid argument - ./D:/projects/starter/public/404.html) in D:/projects/starter/public/404.html:

    C:/Ruby187/lib/ruby/1.8/webrick/httpserver.rb:104:in `service'
    C:/Ruby187/lib/ruby/1.8/webrick/httpserver.rb:65:in `run'
    C:/Ruby187/lib/ruby/1.8/webrick/server.rb:173:in `start_thread'
    C:/Ruby187/lib/ruby/1.8/webrick/server.rb:162:in `start'
    C:/Ruby187/lib/ruby/1.8/webrick/server.rb:162:in `start_thread'
    C:/Ruby187/lib/ruby/1.8/webrick/server.rb:95:in `start'
    C:/Ruby187/lib/ruby/1.8/webrick/server.rb:92:in `each'
    C:/Ruby187/lib/ruby/1.8/webrick/server.rb:92:in `start'
    C:/Ruby187/lib/ruby/1.8/webrick/server.rb:23:in `start'
    C:/Ruby187/lib/ruby/1.8/webrick/server.rb:82:in `start'


    In d:/projects/starter/public/404.html


    C:/Ruby187/lib/ruby/1.8/webrick/httpserver.rb:104:in `service'
    C:/Ruby187/lib/ruby/1.8/webrick/httpserver.rb:65:in `run'
    C:/Ruby187/lib/ruby/1.8/webrick/server.rb:173:in `start_thread'
    C:/Ruby187/lib/ruby/1.8/webrick/server.rb:162:in `start'
    C:/Ruby187/lib/ruby/1.8/webrick/server.rb:162:in `start_thread'
    C:/Ruby187/lib/ruby/1.8/webrick/server.rb:95:in `start'
    C:/Ruby187/lib/ruby/1.8/webrick/server.rb:92:in `each'
    C:/Ruby187/lib/ruby/1.8/webrick/server.rb:92:in `start'
    C:/Ruby187/lib/ruby/1.8/webrick/server.rb:23:in `start'
    C:/Ruby187/lib/ruby/1.8/webrick/server.rb:82:in `start'
  [4;35;1mSQL (0.0ms)[0m   [0mSET SQL_AUTO_IS_NULL=0[0m


Processing UserSessionsController#new (for 127.0.0.1 at 2010-08-24 17:16:45) [GET]
  Parameters: {"action"=>"new", "controller"=>"user_sessions"}
  [4;36;1mUser Columns (2.0ms)[0m   [0;1mSHOW FIELDS FROM `users`[0m
Rendering template within layouts/application
Rendering user_sessions/new
  [4;35;1mSQL (0.0ms)[0m   [0mSELECT count(*) AS count_all FROM `users` WHERE (last_request_at > '2010-08-24 11:36:46') [0m
Completed in 21ms (View: 5, DB: 3) | 200 OK [http://localhost/]
  [4;36;1mSQL (0.0ms)[0m   [0;1mSET SQL_AUTO_IS_NULL=0[0m


Processing UserSessionsController#new (for 127.0.0.1 at 2010-08-24 17:17:36) [GET]
  Parameters: {"action"=>"new", "controller"=>"user_sessions"}
  [4;35;1mUser Columns (2.0ms)[0m   [0mSHOW FIELDS FROM `users`[0m
Rendering template within layouts/application
Rendering user_sessions/new
  [4;36;1mSQL (0.0ms)[0m   [0;1mSELECT count(*) AS count_all FROM `users` WHERE (last_request_at > '2010-08-24 11:37:36') [0m
Completed in 21ms (View: 5, DB: 3) | 200 OK [http://localhost/user_session/new]
  [4;35;1mSQL (0.0ms)[0m   [0mSET SQL_AUTO_IS_NULL=0[0m


Processing UserSessionsController#create (for 127.0.0.1 at 2010-08-24 17:17:45) [POST]
  Parameters: {"commit"=>"Login", "user_session"=>{"remember_me"=>"0", "password"=>"[FILTERED]", "login"=>"sachin1"}, "action"=>"create", "controller"=>"user_sessions"}
  [4;36;1mUser Columns (3.0ms)[0m   [0;1mSHOW FIELDS FROM `users`[0m
  [4;35;1mUser Load (1.0ms)[0m   [0mSELECT * FROM `users` WHERE (LOWER(`users`.login) = 'sachin1') LIMIT 1[0m
Rendering template within layouts/application
Rendering user_sessions/new
  [4;36;1mSQL (1.0ms)[0m   [0;1mSELECT count(*) AS count_all FROM `users` WHERE (last_request_at > '2010-08-24 11:37:45') [0m
Completed in 187ms (View: 5, DB: 6) | 200 OK [http://localhost/user_session]
  [4;35;1mSQL (0.0ms)[0m   [0mSET SQL_AUTO_IS_NULL=0[0m


Processing UsersController#new (for 127.0.0.1 at 2010-08-24 17:17:50) [GET]
  Parameters: {"action"=>"new", "controller"=>"users"}
  [4;36;1mUser Columns (2.0ms)[0m   [0;1mSHOW FIELDS FROM `users`[0m
Rendering template within layouts/application
Rendering users/new
Rendered users/_form (1.0ms)
  [4;35;1mSQL (0.0ms)[0m   [0mSELECT count(*) AS count_all FROM `users` WHERE (last_request_at > '2010-08-24 11:37:50') [0m
Completed in 28ms (View: 12, DB: 2) | 200 OK [http://localhost/account/new]
  [4;36;1mSQL (0.0ms)[0m   [0;1mSET SQL_AUTO_IS_NULL=0[0m


Processing UserSessionsController#new (for 127.0.0.1 at 2010-08-24 17:18:33) [GET]
  Parameters: {"action"=>"new", "controller"=>"user_sessions"}
  [4;35;1mUser Columns (2.0ms)[0m   [0mSHOW FIELDS FROM `users`[0m
Rendering template within layouts/application
Rendering user_sessions/new
  [4;36;1mSQL (0.0ms)[0m   [0;1mSELECT count(*) AS count_all FROM `users` WHERE (last_request_at > '2010-08-24 11:38:33') [0m
Completed in 21ms (View: 5, DB: 2) | 200 OK [http://localhost/user_session/new]
  [4;35;1mSQL (0.0ms)[0m   [0mSET SQL_AUTO_IS_NULL=0[0m


Processing UserSessionsController#create (for 127.0.0.1 at 2010-08-24 17:18:40) [POST]
  Parameters: {"commit"=>"Login", "user_session"=>{"remember_me"=>"0", "password"=>"[FILTERED]", "login"=>"sachin"}, "action"=>"create", "controller"=>"user_sessions"}
  [4;36;1mUser Columns (3.0ms)[0m   [0;1mSHOW FIELDS FROM `users`[0m
  [4;35;1mUser Load (0.0ms)[0m   [0mSELECT * FROM `users` WHERE (LOWER(`users`.login) = 'sachin') LIMIT 1[0m
  [4;36;1mSQL (0.0ms)[0m   [0;1mBEGIN[0m
  [4;35;1mUser Update (1.0ms)[0m   [0mUPDATE `users` SET `updated_at` = '2010-08-24 11:48:40', `perishable_token` = 'hFc5WqKxTGmFYQISpfkR', `last_login_at` = '2010-08-24 08:34:07', `last_login_ip` = '127.0.0.1', `current_login_at` = '2010-08-24 11:48:40', `login_count` = 2, `last_request_at` = '2010-08-24 11:48:40' WHERE `id` = 1[0m
  [4;36;1mSQL (26.0ms)[0m   [0;1mCOMMIT[0m
Redirected to http://localhost:3000/account
Completed in 75ms (DB: 30) | 302 Found [http://localhost/user_session]
  [4;35;1mSQL (0.0ms)[0m   [0mSET SQL_AUTO_IS_NULL=0[0m


Processing UsersController#show (for 127.0.0.1 at 2010-08-24 17:18:40) [GET]
  Parameters: {"action"=>"show", "controller"=>"users"}
  [4;36;1mUser Columns (2.0ms)[0m   [0;1mSHOW FIELDS FROM `users`[0m
  [4;35;1mUser Load (0.0ms)[0m   [0mSELECT * FROM `users` WHERE (`users`.`id` = '1') LIMIT 1[0m
  [4;36;1mSQL (0.0ms)[0m   [0;1mBEGIN[0m
  [4;35;1mUser Update (0.0ms)[0m   [0mUPDATE `users` SET `updated_at` = '2010-08-24 11:48:40', `perishable_token` = 'akEy0529yXt9Q5MBfaZX', `last_request_at` = '2010-08-24 11:48:40' WHERE `id` = 1[0m
  [4;36;1mSQL (22.0ms)[0m   [0;1mCOMMIT[0m
Rendering template within layouts/application
Rendering users/show
  [4;35;1mSQL (1.0ms)[0m   [0mSELECT count(*) AS count_all FROM `users` WHERE (last_request_at > '2010-08-24 11:38:40') [0m
Completed in 48ms (View: 3, DB: 25) | 200 OK [http://localhost/account]
  [4;36;1mSQL (1.0ms)[0m   [0;1mSET SQL_AUTO_IS_NULL=0[0m


Processing ApplicationController#index (for 127.0.0.1 at 2010-08-24 17:18:48) [GET]

ActionController::RoutingError (No route matches "/account/sachin" with {:method=>:get}):
  C:/Ruby187/lib/ruby/1.8/webrick/httpserver.rb:104:in `service'
  C:/Ruby187/lib/ruby/1.8/webrick/httpserver.rb:65:in `run'
  C:/Ruby187/lib/ruby/1.8/webrick/server.rb:173:in `start_thread'
  C:/Ruby187/lib/ruby/1.8/webrick/server.rb:162:in `start'
  C:/Ruby187/lib/ruby/1.8/webrick/server.rb:162:in `start_thread'
  C:/Ruby187/lib/ruby/1.8/webrick/server.rb:95:in `start'
  C:/Ruby187/lib/ruby/1.8/webrick/server.rb:92:in `each'
  C:/Ruby187/lib/ruby/1.8/webrick/server.rb:92:in `start'
  C:/Ruby187/lib/ruby/1.8/webrick/server.rb:23:in `start'
  C:/Ruby187/lib/ruby/1.8/webrick/server.rb:82:in `start'

Rendering D:/projects/starter/public/404.html (404 Not Found)
/!\ FAILSAFE /!\  Tue Aug 24 17:18:48 +0530 2010
  Status: 500 Internal Server Error
  
ActionView::TemplateError (Invalid argument - ./D:/projects/starter/public/404.html) in D:/projects/starter/public/404.html:

    C:/Ruby187/lib/ruby/1.8/webrick/httpserver.rb:104:in `service'
    C:/Ruby187/lib/ruby/1.8/webrick/httpserver.rb:65:in `run'
    C:/Ruby187/lib/ruby/1.8/webrick/server.rb:173:in `start_thread'
    C:/Ruby187/lib/ruby/1.8/webrick/server.rb:162:in `start'
    C:/Ruby187/lib/ruby/1.8/webrick/server.rb:162:in `start_thread'
    C:/Ruby187/lib/ruby/1.8/webrick/server.rb:95:in `start'
    C:/Ruby187/lib/ruby/1.8/webrick/server.rb:92:in `each'
    C:/Ruby187/lib/ruby/1.8/webrick/server.rb:92:in `start'
    C:/Ruby187/lib/ruby/1.8/webrick/server.rb:23:in `start'
    C:/Ruby187/lib/ruby/1.8/webrick/server.rb:82:in `start'


    In d:/projects/starter/public/404.html


    C:/Ruby187/lib/ruby/1.8/webrick/httpserver.rb:104:in `service'
    C:/Ruby187/lib/ruby/1.8/webrick/httpserver.rb:65:in `run'
    C:/Ruby187/lib/ruby/1.8/webrick/server.rb:173:in `start_thread'
    C:/Ruby187/lib/ruby/1.8/webrick/server.rb:162:in `start'
    C:/Ruby187/lib/ruby/1.8/webrick/server.rb:162:in `start_thread'
    C:/Ruby187/lib/ruby/1.8/webrick/server.rb:95:in `start'
    C:/Ruby187/lib/ruby/1.8/webrick/server.rb:92:in `each'
    C:/Ruby187/lib/ruby/1.8/webrick/server.rb:92:in `start'
    C:/Ruby187/lib/ruby/1.8/webrick/server.rb:23:in `start'
    C:/Ruby187/lib/ruby/1.8/webrick/server.rb:82:in `start'
  [4;35;1mSQL (0.0ms)[0m   [0mSET SQL_AUTO_IS_NULL=0[0m


Processing UsersController#show (for 127.0.0.1 at 2010-08-24 17:22:32) [GET]
  Parameters: {"action"=>"show", "controller"=>"users"}
  [4;36;1mUser Columns (2.0ms)[0m   [0;1mSHOW FIELDS FROM `users`[0m
  [4;35;1mUser Load (1.0ms)[0m   [0mSELECT * FROM `users` WHERE (`users`.`id` = '1') LIMIT 1[0m
  [4;36;1mSQL (0.0ms)[0m   [0;1mBEGIN[0m
  [4;35;1mUser Update (1.0ms)[0m   [0mUPDATE `users` SET `updated_at` = '2010-08-24 11:52:32', `perishable_token` = 'vpSHkcTSzlK7cjzXDdQj', `last_request_at` = '2010-08-24 11:52:32' WHERE `id` = 1[0m
  [4;36;1mSQL (29.0ms)[0m   [0;1mCOMMIT[0m
Rendering template within layouts/application
Rendering users/show
  [4;35;1mSQL (0.0ms)[0m   [0mSELECT count(*) AS count_all FROM `users` WHERE (last_request_at > '2010-08-24 11:42:32') [0m
Completed in 54ms (View: 3, DB: 34) | 200 OK [http://localhost/account]
  [4;36;1mSQL (1.0ms)[0m   [0;1mSET SQL_AUTO_IS_NULL=0[0m


Processing UsersController#error (for 127.0.0.1 at 2010-08-24 17:22:41) [GET]
  Parameters: {"action"=>"error", "controller"=>"users"}

RuntimeError (Generating an error):
  app/controllers/users_controller.rb:54:in `error'
  C:/Ruby187/lib/ruby/1.8/webrick/httpserver.rb:104:in `service'
  C:/Ruby187/lib/ruby/1.8/webrick/httpserver.rb:65:in `run'
  C:/Ruby187/lib/ruby/1.8/webrick/server.rb:173:in `start_thread'
  C:/Ruby187/lib/ruby/1.8/webrick/server.rb:162:in `start'
  C:/Ruby187/lib/ruby/1.8/webrick/server.rb:162:in `start_thread'
  C:/Ruby187/lib/ruby/1.8/webrick/server.rb:95:in `start'
  C:/Ruby187/lib/ruby/1.8/webrick/server.rb:92:in `each'
  C:/Ruby187/lib/ruby/1.8/webrick/server.rb:92:in `start'
  C:/Ruby187/lib/ruby/1.8/webrick/server.rb:23:in `start'
  C:/Ruby187/lib/ruby/1.8/webrick/server.rb:82:in `start'

Rendering D:/projects/starter/public/500.html (500 Error)


Processing ApplicationController#error (for 127.0.0.1 at 2010-08-24 17:22:42) [GET]
  Parameters: {"action"=>"error", "controller"=>"users"}

ActionView::TemplateError (Invalid argument - ./D:/projects/starter/public/500.html) in D:/projects/starter/public/500.html:

    C:/Ruby187/lib/ruby/1.8/webrick/httpserver.rb:104:in `service'
    C:/Ruby187/lib/ruby/1.8/webrick/httpserver.rb:65:in `run'
    C:/Ruby187/lib/ruby/1.8/webrick/server.rb:173:in `start_thread'
    C:/Ruby187/lib/ruby/1.8/webrick/server.rb:162:in `start'
    C:/Ruby187/lib/ruby/1.8/webrick/server.rb:162:in `start_thread'
    C:/Ruby187/lib/ruby/1.8/webrick/server.rb:95:in `start'
    C:/Ruby187/lib/ruby/1.8/webrick/server.rb:92:in `each'
    C:/Ruby187/lib/ruby/1.8/webrick/server.rb:92:in `start'
    C:/Ruby187/lib/ruby/1.8/webrick/server.rb:23:in `start'
    C:/Ruby187/lib/ruby/1.8/webrick/server.rb:82:in `start'

Rendering D:/projects/starter/public/500.html (500 Error)
/!\ FAILSAFE /!\  Tue Aug 24 17:22:42 +0530 2010
  Status: 500 Internal Server Error
  
ActionView::TemplateError (Invalid argument - ./D:/projects/starter/public/500.html) in D:/projects/starter/public/500.html:

    C:/Ruby187/lib/ruby/1.8/webrick/httpserver.rb:104:in `service'
    C:/Ruby187/lib/ruby/1.8/webrick/httpserver.rb:65:in `run'
    C:/Ruby187/lib/ruby/1.8/webrick/server.rb:173:in `start_thread'
    C:/Ruby187/lib/ruby/1.8/webrick/server.rb:162:in `start'
    C:/Ruby187/lib/ruby/1.8/webrick/server.rb:162:in `start_thread'
    C:/Ruby187/lib/ruby/1.8/webrick/server.rb:95:in `start'
    C:/Ruby187/lib/ruby/1.8/webrick/server.rb:92:in `each'
    C:/Ruby187/lib/ruby/1.8/webrick/server.rb:92:in `start'
    C:/Ruby187/lib/ruby/1.8/webrick/server.rb:23:in `start'
    C:/Ruby187/lib/ruby/1.8/webrick/server.rb:82:in `start'


    In d:/projects/starter/public/500.html


    C:/Ruby187/lib/ruby/1.8/webrick/httpserver.rb:104:in `service'
    C:/Ruby187/lib/ruby/1.8/webrick/httpserver.rb:65:in `run'
    C:/Ruby187/lib/ruby/1.8/webrick/server.rb:173:in `start_thread'
    C:/Ruby187/lib/ruby/1.8/webrick/server.rb:162:in `start'
    C:/Ruby187/lib/ruby/1.8/webrick/server.rb:162:in `start_thread'
    C:/Ruby187/lib/ruby/1.8/webrick/server.rb:95:in `start'
    C:/Ruby187/lib/ruby/1.8/webrick/server.rb:92:in `each'
    C:/Ruby187/lib/ruby/1.8/webrick/server.rb:92:in `start'
    C:/Ruby187/lib/ruby/1.8/webrick/server.rb:23:in `start'
    C:/Ruby187/lib/ruby/1.8/webrick/server.rb:82:in `start'
  [4;36;1mSQL (0.0ms)[0m   [0;1mSET SQL_AUTO_IS_NULL=0[0m


Processing UsersController#show (for 127.0.0.1 at 2010-08-24 17:35:27) [GET]
  Parameters: {"action"=>"show", "id"=>"error", "controller"=>"users"}
  [4;35;1mUser Columns (2.0ms)[0m   [0mSHOW FIELDS FROM `users`[0m
  [4;36;1mUser Load (1.0ms)[0m   [0;1mSELECT * FROM `users` WHERE (`users`.`id` = '1') LIMIT 1[0m
  [4;35;1mSQL (0.0ms)[0m   [0mBEGIN[0m
  [4;36;1mUser Update (1.0ms)[0m   [0;1mUPDATE `users` SET `updated_at` = '2010-08-24 12:05:29', `perishable_token` = 'ko8NFT8Uf9bgKLjx9nT', `last_request_at` = '2010-08-24 12:05:27' WHERE `id` = 1[0m
  [4;35;1mSQL (16.0ms)[0m   [0mCOMMIT[0m
Rendering template within layouts/application
Rendering users/show
  [4;36;1mSQL (1.0ms)[0m   [0;1mSELECT count(*) AS count_all FROM `users` WHERE (last_request_at > '2010-08-24 11:55:29') [0m
Completed in 1972ms (View: 9, DB: 24) | 200 OK [http://localhost/users/error]
  [4;35;1mSQL (1.0ms)[0m   [0mSET SQL_AUTO_IS_NULL=0[0m


Processing ApplicationController#index (for 127.0.0.1 at 2010-08-24 17:35:50) [GET]

ActionController::RoutingError (No route matches "/users/error/sachin" with {:method=>:get}):
  C:/Ruby187/lib/ruby/1.8/webrick/httpserver.rb:104:in `service'
  C:/Ruby187/lib/ruby/1.8/webrick/httpserver.rb:65:in `run'
  C:/Ruby187/lib/ruby/1.8/webrick/server.rb:173:in `start_thread'
  C:/Ruby187/lib/ruby/1.8/webrick/server.rb:162:in `start'
  C:/Ruby187/lib/ruby/1.8/webrick/server.rb:162:in `start_thread'
  C:/Ruby187/lib/ruby/1.8/webrick/server.rb:95:in `start'
  C:/Ruby187/lib/ruby/1.8/webrick/server.rb:92:in `each'
  C:/Ruby187/lib/ruby/1.8/webrick/server.rb:92:in `start'
  C:/Ruby187/lib/ruby/1.8/webrick/server.rb:23:in `start'
  C:/Ruby187/lib/ruby/1.8/webrick/server.rb:82:in `start'

Rendering D:/projects/starter/public/404.html (404 Not Found)
/!\ FAILSAFE /!\  Tue Aug 24 17:35:50 +0530 2010
  Status: 500 Internal Server Error
  
ActionView::TemplateError (Invalid argument - ./D:/projects/starter/public/404.html) in D:/projects/starter/public/404.html:

    C:/Ruby187/lib/ruby/1.8/webrick/httpserver.rb:104:in `service'
    C:/Ruby187/lib/ruby/1.8/webrick/httpserver.rb:65:in `run'
    C:/Ruby187/lib/ruby/1.8/webrick/server.rb:173:in `start_thread'
    C:/Ruby187/lib/ruby/1.8/webrick/server.rb:162:in `start'
    C:/Ruby187/lib/ruby/1.8/webrick/server.rb:162:in `start_thread'
    C:/Ruby187/lib/ruby/1.8/webrick/server.rb:95:in `start'
    C:/Ruby187/lib/ruby/1.8/webrick/server.rb:92:in `each'
    C:/Ruby187/lib/ruby/1.8/webrick/server.rb:92:in `start'
    C:/Ruby187/lib/ruby/1.8/webrick/server.rb:23:in `start'
    C:/Ruby187/lib/ruby/1.8/webrick/server.rb:82:in `start'


    In d:/projects/starter/public/404.html


    C:/Ruby187/lib/ruby/1.8/webrick/httpserver.rb:104:in `service'
    C:/Ruby187/lib/ruby/1.8/webrick/httpserver.rb:65:in `run'
    C:/Ruby187/lib/ruby/1.8/webrick/server.rb:173:in `start_thread'
    C:/Ruby187/lib/ruby/1.8/webrick/server.rb:162:in `start'
    C:/Ruby187/lib/ruby/1.8/webrick/server.rb:162:in `start_thread'
    C:/Ruby187/lib/ruby/1.8/webrick/server.rb:95:in `start'
    C:/Ruby187/lib/ruby/1.8/webrick/server.rb:92:in `each'
    C:/Ruby187/lib/ruby/1.8/webrick/server.rb:92:in `start'
    C:/Ruby187/lib/ruby/1.8/webrick/server.rb:23:in `start'
    C:/Ruby187/lib/ruby/1.8/webrick/server.rb:82:in `start'
  [4;36;1mSQL (0.0ms)[0m   [0;1mSET SQL_AUTO_IS_NULL=0[0m


Processing ApplicationController#index (for 127.0.0.1 at 2010-08-24 17:37:03) [GET]

ActionController::RoutingError (No route matches "/users/error/sachin" with {:method=>:get}):
  C:/Ruby187/lib/ruby/1.8/webrick/httpserver.rb:104:in `service'
  C:/Ruby187/lib/ruby/1.8/webrick/httpserver.rb:65:in `run'
  C:/Ruby187/lib/ruby/1.8/webrick/server.rb:173:in `start_thread'
  C:/Ruby187/lib/ruby/1.8/webrick/server.rb:162:in `start'
  C:/Ruby187/lib/ruby/1.8/webrick/server.rb:162:in `start_thread'
  C:/Ruby187/lib/ruby/1.8/webrick/server.rb:95:in `start'
  C:/Ruby187/lib/ruby/1.8/webrick/server.rb:92:in `each'
  C:/Ruby187/lib/ruby/1.8/webrick/server.rb:92:in `start'
  C:/Ruby187/lib/ruby/1.8/webrick/server.rb:23:in `start'
  C:/Ruby187/lib/ruby/1.8/webrick/server.rb:82:in `start'

Rendering rescues/layout (not_found)
  [4;36;1mSQL (0.0ms)[0m   [0;1mSET SQL_AUTO_IS_NULL=0[0m
  [4;35;1mUser Columns (2.0ms)[0m   [0mSHOW FIELDS FROM `users`[0m
  [4;36;1mSQL (1.0ms)[0m   [0;1mSHOW TABLES[0m
  [4;35;1mSQL (1.0ms)[0m   [0mSHOW TABLES[0m
  [4;36;1mSQL (0.0ms)[0m   [0;1mSET SQL_AUTO_IS_NULL=0[0m
  [4;35;1mUser Columns (2.0ms)[0m   [0mSHOW FIELDS FROM `users`[0m
  [4;36;1mSQL (1.0ms)[0m   [0;1mSHOW TABLES[0m
  [4;36;1mSQL (0.0ms)[0m   [0;1mSET SQL_AUTO_IS_NULL=0[0m
  [4;35;1mUser Columns (4.0ms)[0m   [0mSHOW FIELDS FROM `users`[0m
  [4;36;1mUser Load (0.0ms)[0m   [0;1mSELECT * FROM `users` WHERE (users.login = 'sachin') [0m
  [4;36;1mSQL (0.0ms)[0m   [0;1mSET SQL_AUTO_IS_NULL=0[0m
  [4;35;1mUser Columns (4.0ms)[0m   [0mSHOW FIELDS FROM `users`[0m
  [4;36;1mUser Load (0.0ms)[0m   [0;1mSELECT * FROM `users` WHERE (users.login = 'sachin') [0m
